生成启动时间为 2020/10/17 19:10:19。
     1>项目“D:\C++\Project7\Project7\Project7.vcxproj”在节点 2 上(Build 个目标)。
     1>ClCompile:
         D:\c语言\VC\bin\CL.exe /c /ZI /nologo /W3 /WX- /sdl /Od /Oy- /D _MBCS /Gm /EHsc /RTC1 /MDd /GS /fp:precise /Zc:wchar_t /Zc:forScope /Fo"Debug\\" /Fd"Debug\vc120.pdb" /Gd /TP /analyze- /errorReport:prompt "源.cpp"
         源.cpp
     1>d:\c++\project7\project7\源.cpp(11): warning C4101: “h”: 未引用的局部变量
     1>d:\c++\project7\project7\源.cpp(10): warning C4101: “i”: 未引用的局部变量
     1>d:\c++\project7\project7\源.cpp(11): warning C4101: “t”: 未引用的局部变量
     1>d:\c++\project7\project7\源.cpp(34): warning C4002: “f1”宏的实参太多
     1>d:\c++\project7\project7\源.cpp(36): warning C4002: “f2”宏的实参太多
     1>d:\c++\project7\project7\源.cpp(41): warning C4002: “f1”宏的实参太多
     1>d:\c++\project7\project7\源.cpp(43): warning C4002: “f2”宏的实参太多
     1>d:\c++\project7\project7\源.cpp(48): warning C4002: “f1”宏的实参太多
     1>d:\c++\project7\project7\源.cpp(50): warning C4002: “f2”宏的实参太多
     1>d:\c++\project7\project7\源.cpp(55): warning C4002: “f1”宏的实参太多
     1>d:\c++\project7\project7\源.cpp(57): warning C4002: “f2”宏的实参太多
       Link:
         D:\c语言\VC\bin\link.exe /ERRORREPORT:PROMPT /OUT:"D:\C++\Project7\Debug\Project7.exe" /INCREMENTAL /NOLOGO kernel32.lib user32.lib gdi32.lib winspool.lib comdlg32.lib advapi32.lib shell32.lib ole32.lib oleaut32.lib uuid.lib odbc32.lib odbccp32.lib /MANIFEST /MANIFESTUAC:"level='asInvoker' uiAccess='false'" /manifest:embed /DEBUG /PDB:"D:\C++\Project7\Debug\Project7.pdb" /TLBID:1 /DYNAMICBASE /NXCOMPAT /IMPLIB:"D:\C++\Project7\Debug\Project7.lib" /MACHINE:X86 "Debug\源.obj"
         Project7.vcxproj -> D:\C++\Project7\Debug\Project7.exe
     1>已完成生成项目“D:\C++\Project7\Project7\Project7.vcxproj”(Build 个目标)的操作。

生成成功。

已用时间 00:00:00.94
